[35m[Appium][39m Welcome to Appium v1.22.3
[35m[Appium][39m Non-default server args:
[35m[Appium][39m   port: 54506
[35m[Appium][39m   loglevel: info
[35m[Appium][39m   tmpDir: /var/folders/xb/8g0yl0dn43d01wcq2lq4nsl00000gn/T//Katalon/Appium/Temp1676272291486
[35m[Appium][39m   chromedriverPort: 54515
[35m[Appium][39m Deprecated server args:
[35m[Appium][39m   [31m--chromedriver-port[39m => --default-capabilities
[35m[Appium][39m Default capabilities, which will be added to each request unless overridden by desired capabilities:
[35m[Appium][39m   chromedriverPort: 54515
[35m[Appium][39m Appium REST http interface listener started on 0.0.0.0:54506
[35m[HTTP][39m [37m-->[39m [37mGET[39m [37m/wd/hub/status[39m
[35m[HTTP][39m [90m{}[39m
[35m[HTTP][39m [37m<-- GET /wd/hub/status [39m[32m200[39m [90m3 ms - 68[39m
[35m[HTTP][39m [90m[39m
[35m[HTTP][39m [37m-->[39m [37mGET[39m [37m/wd/hub/status[39m
[35m[HTTP][39m [90m{}[39m
[35m[HTTP][39m [37m<-- GET /wd/hub/status [39m[32m200[39m [90m1 ms - 68[39m
[35m[HTTP][39m [90m[39m
[35m[HTTP][39m [37m-->[39m [37mPOST[39m [37m/wd/hub/session[39m
[35m[HTTP][39m [90m{"desiredCapabilities":{"app":"/Users/dianprasetyo/Katalon Studio/katalon-mobile-automation/apk/Perqara_1.0.7_apkcombo.com.apk","noReset":true,"deviceName":"emulator-5556 (Android SDK built for arm64 - Android 9)","fullReset":false,"platform":"ANDROID","newCommandTimeout":1800,"platformVersion":"9","automationName":"uiautomator2","autoGrantPermissions":true,"platformName":"Android","udid":"emulator-5556","systemPort":54523},"capabilities":{"firstMatch":[{"appium:app":"/Users/dianprasetyo/Katalon Studio/katalon-mobile-automation/apk/Perqara_1.0.7_apkcombo.com.apk","appium:autoGrantPermissions":true,"appium:automationName":"uiautomator2","appium:deviceName":"emulator-5556 (Android SDK built for arm64 - Android 9)","appium:fullReset":false,"appium:newCommandTimeout":1800,"appium:noReset":true,"platform":"ANDROID","platformName":"android","appium:platformVersion":"9","appium:systemPort":54523,"appium:udid":"emulator-5556"}]}}[39m
[35m[BaseDriver][39m The following capabilities are not standard capabilities and should have an extension prefix:
[35m[BaseDriver][39m   platform
[35m[BaseDriver][39m   chromedriverPort
[35m[Appium][39m Appium v1.22.3 creating new AndroidUiautomator2Driver (v1.70.1) session
[35m[BaseDriver][39m The following capabilities were provided, but are not recognized by Appium:
[35m[BaseDriver][39m   platform
[35m[BaseDriver][39m Session created with session id: 471fe751-739c-456c-b113-0974362783eb
[35m[BaseDriver][39m Using local app '/Users/dianprasetyo/Katalon Studio/katalon-mobile-automation/apk/Perqara_1.0.7_apkcombo.com.apk'
[35m[ADB][39m Found 1 'build-tools' folders under '/Users/dianprasetyo/.katalon/tools/android_sdk' (newest first):
[35m[ADB][39m     /Users/dianprasetyo/.katalon/tools/android_sdk/build-tools/29.0.3
[35m[ADB][39m Using 'adb' from '/Users/dianprasetyo/.katalon/tools/android_sdk/platform-tools/adb'
[35m[AndroidDriver][39m Retrieving device list
[35m[AndroidDriver][39m Using device: emulator-5556
[35m[ADB][39m Using 'adb' from '/Users/dianprasetyo/.katalon/tools/android_sdk/platform-tools/adb'
[35m[ADB][39m Getting device platform version
[35m[UiAutomator2][39m Relaxing hidden api policy
[35m[ADB][39m Package name: 'com.limaindonesia.android'
[35m[ADB][39m Main activity name: 'com.limaindonesia.android.presentation.splashscreen.SplashActivity'
[35m[ADB][39m Using 'apksigner.jar' from '/Users/dianprasetyo/.katalon/tools/android_sdk/build-tools/29.0.3/lib/apksigner.jar'
[35m[ADB][39m '/usr/local/lib/node_modules/appium/node_modules/appium-uiautomator2-server/apks/appium-uiautomator2-server-v4.27.0.apk' is signed with the default certificate
[35m[ADB][39m '/usr/local/lib/node_modules/appium/node_modules/appium-uiautomator2-server/apks/appium-uiautomator2-server-debug-androidTest.apk' is signed with the default certificate
[35m[UiAutomator2][39m Server packages are not going to be (re)installed
[35m[ADB][39m Adding packages ["io.appium.settings","io.appium.uiautomator2.server","io.appium.uiautomator2.server.test"] to Doze whitelist
[35m[ADB][39m '/Users/dianprasetyo/Katalon Studio/katalon-mobile-automation/apk/Perqara_1.0.7_apkcombo.com.apk' is signed with a non-default certificate
[35m[ADB][39m The application at '/Users/dianprasetyo/Katalon Studio/katalon-mobile-automation/apk/Perqara_1.0.7_apkcombo.com.apk' will not be cached, because the device under test has confirmed the support of streamed installs
[35m[ADB][39m The installation of 'Perqara_1.0.7_apkcombo.com.apk' took 700ms
[35m[UiAutomator2][39m Starting UIAutomator2 server 4.27.0
[35m[UiAutomator2][39m Using UIAutomator2 server from '/usr/local/lib/node_modules/appium/node_modules/appium-uiautomator2-server/apks/appium-uiautomator2-server-v4.27.0.apk' and test from '/usr/local/lib/node_modules/appium/node_modules/appium-uiautomator2-server/apks/appium-uiautomator2-server-debug-androidTest.apk'
[35m[UiAutomator2][39m Waiting up to 30000ms for UiAutomator2 to be online...
[35m[WD Proxy][39m socket hang up
[35m[WD Proxy][39m socket hang up
[35m[WD Proxy][39m Determined the downstream protocol as 'W3C'
[35m[AndroidDriver][39m Screen already unlocked, doing nothing
[35m[UiAutomator2][39m Starting 'com.limaindonesia.android/com.limaindonesia.android.presentation.splashscreen.SplashActivity and waiting for 'com.limaindonesia.android/com.limaindonesia.android.presentation.splashscreen.SplashActivity'
[35m[Appium][39m New AndroidUiautomator2Driver session created successfully, session 471fe751-739c-456c-b113-0974362783eb added to master session list
[35m[HTTP][39m [37m<-- POST /wd/hub/session [39m[32m200[39m [90m7566 ms - 1401[39m
[35m[HTTP][39m [90m[39m
[35m[HTTP][39m [37m-->[39m [37mGET[39m [37m/wd/hub/session/471fe751-739c-456c-b113-0974362783eb[39m
[35m[HTTP][39m [90m{}[39m
[35m[HTTP][39m [37m<-- GET /wd/hub/session/471fe751-739c-456c-b113-0974362783eb [39m[32m200[39m [90m5 ms - 1355[39m
[35m[HTTP][39m [90m[39m
[35m[HTTP][39m [37m-->[39m [37mGET[39m [37m/wd/hub/session/471fe751-739c-456c-b113-0974362783eb[39m
[35m[HTTP][39m [90m{}[39m
[35m[HTTP][39m [37m<-- GET /wd/hub/session/471fe751-739c-456c-b113-0974362783eb [39m[32m200[39m [90m10 ms - 1355[39m
[35m[HTTP][39m [90m[39m
[35m[HTTP][39m [37m-->[39m [37mGET[39m [37m/wd/hub/status[39m
[35m[HTTP][39m [90m{}[39m
[35m[HTTP][39m [37m<-- GET /wd/hub/status [39m[32m200[39m [90m1 ms - 68[39m
[35m[HTTP][39m [90m[39m
[35m[HTTP][39m [37m-->[39m [37mPOST[39m [37m/wd/hub/session/471fe751-739c-456c-b113-0974362783eb/timeouts[39m
[35m[HTTP][39m [90m{"implicit":60000}[39m
[35m[HTTP][39m [37m<-- POST /wd/hub/session/471fe751-739c-456c-b113-0974362783eb/timeouts [39m[32m200[39m [90m1 ms - 14[39m
[35m[HTTP][39m [90m[39m
[35m[HTTP][39m [37m-->[39m [37mGET[39m [37m/wd/hub/session/471fe751-739c-456c-b113-0974362783eb/source[39m
[35m[HTTP][39m [90m{}[39m
[35m[W3C (471fe751)][39m Driver proxy active, passing request on via HTTP proxy
[35m[WD Proxy][39m Replacing sessionId 1157fc18-ecb5-4e1e-ae1f-fac2ee99dd3a with 471fe751-739c-456c-b113-0974362783eb
[35m[HTTP][39m [37m<-- GET /wd/hub/session/471fe751-739c-456c-b113-0974362783eb/source [39m[32m200[39m [90m364 ms - 3249[39m
[35m[HTTP][39m [90m[39m
[35m[HTTP][39m [37m-->[39m [37mGET[39m [37m/wd/hub/session/471fe751-739c-456c-b113-0974362783eb/screenshot[39m
[35m[HTTP][39m [90m{}[39m
[35m[HTTP][39m [37m<-- GET /wd/hub/session/471fe751-739c-456c-b113-0974362783eb/screenshot [39m[32m200[39m [90m178 ms - 131394[39m
[35m[HTTP][39m [90m[39m
[35m[HTTP][39m [37m-->[39m [37mGET[39m [37m/wd/hub/session/471fe751-739c-456c-b113-0974362783eb/source[39m
[35m[HTTP][39m [90m{}[39m
[35m[W3C (471fe751)][39m Driver proxy active, passing request on via HTTP proxy
[35m[WD Proxy][39m Replacing sessionId 1157fc18-ecb5-4e1e-ae1f-fac2ee99dd3a with 471fe751-739c-456c-b113-0974362783eb
[35m[HTTP][39m [37m<-- GET /wd/hub/session/471fe751-739c-456c-b113-0974362783eb/source [39m[32m200[39m [90m82 ms - 18002[39m
[35m[HTTP][39m [90m[39m
[35m[HTTP][39m [37m-->[39m [37mGET[39m [37m/wd/hub/session/471fe751-739c-456c-b113-0974362783eb/screenshot[39m
[35m[HTTP][39m [90m{}[39m
[35m[HTTP][39m [37m<-- GET /wd/hub/session/471fe751-739c-456c-b113-0974362783eb/screenshot [39m[32m200[39m [90m269 ms - 503962[39m
[35m[HTTP][39m [90m[39m
[35m[HTTP][39m [37m-->[39m [37mPOST[39m [37m/wd/hub/session/471fe751-739c-456c-b113-0974362783eb/elements[39m
[35m[HTTP][39m [90m{"using":"xpath","value":"//*[@class = 'android.widget.EditText' and (@text = 'Email' or . = 'Email') and @resource-id = 'com.limaindonesia.android:id/et_email']"}[39m
[35m[HTTP][39m [37m<-- POST /wd/hub/session/471fe751-739c-456c-b113-0974362783eb/elements [39m[32m200[39m [90m157 ms - 139[39m
[35m[HTTP][39m [90m[39m
[35m[HTTP][39m [37m-->[39m [37mPOST[39m [37m/wd/hub/session/471fe751-739c-456c-b113-0974362783eb/elements[39m
[35m[HTTP][39m [90m{"using":"xpath","value":"//*[@class = 'android.widget.TextView' and (@text = 'Daftar Sekarang' or . = 'Daftar Sekarang') and @resource-id = 'com.limaindonesia.android:id/tv_register']"}[39m
[35m[HTTP][39m [37m<-- POST /wd/hub/session/471fe751-739c-456c-b113-0974362783eb/elements [39m[32m200[39m [90m79 ms - 139[39m
[35m[HTTP][39m [90m[39m
[35m[HTTP][39m [37m-->[39m [37mGET[39m [37m/wd/hub/session/471fe751-739c-456c-b113-0974362783eb/window/rect[39m
[35m[HTTP][39m [90m{}[39m
[35m[HTTP][39m [37m<-- GET /wd/hub/session/471fe751-739c-456c-b113-0974362783eb/window/rect [39m[32m200[39m [90m8 ms - 50[39m
[35m[HTTP][39m [90m[39m
[35m[HTTP][39m [37m-->[39m [37mPOST[39m [37m/wd/hub/session/471fe751-739c-456c-b113-0974362783eb/elements[39m
[35m[HTTP][39m [90m{"using":"xpath","value":"//*[@class = 'android.widget.TextView' and (@text = 'Daftar Sekarang' or . = 'Daftar Sekarang') and @resource-id = 'com.limaindonesia.android:id/tv_register']"}[39m
[35m[HTTP][39m [37m<-- POST /wd/hub/session/471fe751-739c-456c-b113-0974362783eb/elements [39m[32m200[39m [90m45 ms - 139[39m
[35m[HTTP][39m [90m[39m
[35m[HTTP][39m [37m-->[39m [37mGET[39m [37m/wd/hub/session/471fe751-739c-456c-b113-0974362783eb/element/00000000-0000-002b-ffff-ffff00000029/location[39m
[35m[HTTP][39m [90m{}[39m
[35m[W3C (471fe751)][39m Driver proxy active, passing request on via HTTP proxy
[35m[WD Proxy][39m Replacing sessionId 1157fc18-ecb5-4e1e-ae1f-fac2ee99dd3a with 471fe751-739c-456c-b113-0974362783eb
[35m[HTTP][39m [37m<-- GET /wd/hub/session/471fe751-739c-456c-b113-0974362783eb/element/00000000-0000-002b-ffff-ffff00000029/location [39m[32m200[39m [90m8 ms - 79[39m
[35m[HTTP][39m [90m[39m
[35m[HTTP][39m [37m-->[39m [37mPOST[39m [37m/wd/hub/session/471fe751-739c-456c-b113-0974362783eb/element/00000000-0000-002b-ffff-ffff00000029/click[39m
[35m[HTTP][39m [90m{"id":"00000000-0000-002b-ffff-ffff00000029"}[39m
[35m[HTTP][39m [37m<-- POST /wd/hub/session/471fe751-739c-456c-b113-0974362783eb/element/00000000-0000-002b-ffff-ffff00000029/click [39m[32m200[39m [90m12 ms - 14[39m
[35m[HTTP][39m [90m[39m
[35m[HTTP][39m [37m-->[39m [37mGET[39m [37m/wd/hub/session/471fe751-739c-456c-b113-0974362783eb/source[39m
[35m[HTTP][39m [90m{}[39m
[35m[W3C (471fe751)][39m Driver proxy active, passing request on via HTTP proxy
[35m[WD Proxy][39m Replacing sessionId 1157fc18-ecb5-4e1e-ae1f-fac2ee99dd3a with 471fe751-739c-456c-b113-0974362783eb
[35m[HTTP][39m [37m<-- GET /wd/hub/session/471fe751-739c-456c-b113-0974362783eb/source [39m[32m200[39m [90m34 ms - 18460[39m
[35m[HTTP][39m [90m[39m
[35m[HTTP][39m [37m-->[39m [37mGET[39m [37m/wd/hub/session/471fe751-739c-456c-b113-0974362783eb/screenshot[39m
[35m[HTTP][39m [90m{}[39m
[35m[HTTP][39m [37m<-- GET /wd/hub/session/471fe751-739c-456c-b113-0974362783eb/screenshot [39m[32m200[39m [90m251 ms - 432006[39m
[35m[HTTP][39m [90m[39m
[35m[HTTP][39m [37m-->[39m [37mPOST[39m [37m/wd/hub/session/471fe751-739c-456c-b113-0974362783eb/elements[39m
[35m[HTTP][39m [90m{"using":"xpath","value":"//*[@class = 'android.widget.EditText' and (@text = 'Nama Lengkap' or . = 'Nama Lengkap') and @resource-id = 'com.limaindonesia.android:id/et_name']"}[39m
[35m[HTTP][39m [37m<-- POST /wd/hub/session/471fe751-739c-456c-b113-0974362783eb/elements [39m[32m200[39m [90m60 ms - 139[39m
[35m[HTTP][39m [90m[39m
[35m[HTTP][39m [37m-->[39m [37mGET[39m [37m/wd/hub/session/471fe751-739c-456c-b113-0974362783eb/window/rect[39m
[35m[HTTP][39m [90m{}[39m
[35m[HTTP][39m [37m<-- GET /wd/hub/session/471fe751-739c-456c-b113-0974362783eb/window/rect [39m[32m200[39m [90m14 ms - 50[39m
[35m[HTTP][39m [90m[39m
[35m[HTTP][39m [37m-->[39m [37mPOST[39m [37m/wd/hub/session/471fe751-739c-456c-b113-0974362783eb/elements[39m
[35m[HTTP][39m [90m{"using":"xpath","value":"//*[@class = 'android.widget.EditText' and (@text = 'Nama Lengkap' or . = 'Nama Lengkap') and @resource-id = 'com.limaindonesia.android:id/et_name']"}[39m
[35m[HTTP][39m [37m<-- POST /wd/hub/session/471fe751-739c-456c-b113-0974362783eb/elements [39m[32m200[39m [90m38 ms - 139[39m
[35m[HTTP][39m [90m[39m
[35m[HTTP][39m [37m-->[39m [37mGET[39m [37m/wd/hub/session/471fe751-739c-456c-b113-0974362783eb/element/00000000-0000-002c-ffff-ffff00000067/location[39m
[35m[HTTP][39m [90m{}[39m
[35m[W3C (471fe751)][39m Driver proxy active, passing request on via HTTP proxy
[35m[WD Proxy][39m Replacing sessionId 1157fc18-ecb5-4e1e-ae1f-fac2ee99dd3a with 471fe751-739c-456c-b113-0974362783eb
[35m[HTTP][39m [37m<-- GET /wd/hub/session/471fe751-739c-456c-b113-0974362783eb/element/00000000-0000-002c-ffff-ffff00000067/location [39m[32m200[39m [90m6 ms - 78[39m
[35m[HTTP][39m [90m[39m
[35m[HTTP][39m [37m-->[39m [37mPOST[39m [37m/wd/hub/session/471fe751-739c-456c-b113-0974362783eb/element/00000000-0000-002c-ffff-ffff00000067/clear[39m
[35m[HTTP][39m [90m{"id":"00000000-0000-002c-ffff-ffff00000067"}[39m
[35m[HTTP][39m [37m<-- POST /wd/hub/session/471fe751-739c-456c-b113-0974362783eb/element/00000000-0000-002c-ffff-ffff00000067/clear [39m[32m200[39m [90m8 ms - 14[39m
[35m[HTTP][39m [90m[39m
[35m[HTTP][39m [37m-->[39m [37mPOST[39m [37m/wd/hub/session/471fe751-739c-456c-b113-0974362783eb/element/00000000-0000-002c-ffff-ffff00000067/value[39m
[35m[HTTP][39m [90m{"id":"00000000-0000-002c-ffff-ffff00000067","text":"dian prasetyo","value":["d","i","a","n"," ","p","r","a","s","e","t","y","o"]}[39m
[35m[HTTP][39m [37m<-- POST /wd/hub/session/471fe751-739c-456c-b113-0974362783eb/element/00000000-0000-002c-ffff-ffff00000067/value [39m[32m200[39m [90m1031 ms - 14[39m
[35m[HTTP][39m [90m[39m
[35m[HTTP][39m [37m-->[39m [37mGET[39m [37m/wd/hub/session/471fe751-739c-456c-b113-0974362783eb/source[39m
[35m[HTTP][39m [90m{}[39m
[35m[W3C (471fe751)][39m Driver proxy active, passing request on via HTTP proxy
[35m[WD Proxy][39m Replacing sessionId 1157fc18-ecb5-4e1e-ae1f-fac2ee99dd3a with 471fe751-739c-456c-b113-0974362783eb
[35m[HTTP][39m [37m<-- GET /wd/hub/session/471fe751-739c-456c-b113-0974362783eb/source [39m[32m200[39m [90m57 ms - 18461[39m
[35m[HTTP][39m [90m[39m
[35m[HTTP][39m [37m-->[39m [37mGET[39m [37m/wd/hub/session/471fe751-739c-456c-b113-0974362783eb/screenshot[39m
[35m[HTTP][39m [90m{}[39m
[35m[HTTP][39m [37m<-- GET /wd/hub/session/471fe751-739c-456c-b113-0974362783eb/screenshot [39m[32m200[39m [90m243 ms - 438468[39m
[35m[HTTP][39m [90m[39m
[35m[HTTP][39m [37m-->[39m [37mPOST[39m [37m/wd/hub/session/471fe751-739c-456c-b113-0974362783eb/elements[39m
[35m[HTTP][39m [90m{"using":"xpath","value":"//*[@class = 'android.widget.EditText' and (@text = 'Email' or . = 'Email') and @resource-id = 'com.limaindonesia.android:id/et_email']"}[39m
[35m[HTTP][39m [37m<-- POST /wd/hub/session/471fe751-739c-456c-b113-0974362783eb/elements [39m[32m200[39m [90m54 ms - 139[39m
[35m[HTTP][39m [90m[39m
[35m[HTTP][39m [37m-->[39m [37mGET[39m [37m/wd/hub/session/471fe751-739c-456c-b113-0974362783eb/window/rect[39m
[35m[HTTP][39m [90m{}[39m
[35m[HTTP][39m [37m<-- GET /wd/hub/session/471fe751-739c-456c-b113-0974362783eb/window/rect [39m[32m200[39m [90m16 ms - 50[39m
[35m[HTTP][39m [90m[39m
[35m[HTTP][39m [37m-->[39m [37mPOST[39m [37m/wd/hub/session/471fe751-739c-456c-b113-0974362783eb/elements[39m
[35m[HTTP][39m [90m{"using":"xpath","value":"//*[@class = 'android.widget.EditText' and (@text = 'Email' or . = 'Email') and @resource-id = 'com.limaindonesia.android:id/et_email']"}[39m
[35m[HTTP][39m [37m<-- POST /wd/hub/session/471fe751-739c-456c-b113-0974362783eb/elements [39m[32m200[39m [90m49 ms - 139[39m
[35m[HTTP][39m [90m[39m
[35m[HTTP][39m [37m-->[39m [37mGET[39m [37m/wd/hub/session/471fe751-739c-456c-b113-0974362783eb/element/00000000-0000-002c-ffff-ffff0000006e/location[39m
[35m[HTTP][39m [90m{}[39m
[35m[W3C (471fe751)][39m Driver proxy active, passing request on via HTTP proxy
[35m[WD Proxy][39m Replacing sessionId 1157fc18-ecb5-4e1e-ae1f-fac2ee99dd3a with 471fe751-739c-456c-b113-0974362783eb
[35m[HTTP][39m [37m<-- GET /wd/hub/session/471fe751-739c-456c-b113-0974362783eb/element/00000000-0000-002c-ffff-ffff0000006e/location [39m[32m200[39m [90m7 ms - 78[39m
[35m[HTTP][39m [90m[39m
[35m[HTTP][39m [37m-->[39m [37mPOST[39m [37m/wd/hub/session/471fe751-739c-456c-b113-0974362783eb/element/00000000-0000-002c-ffff-ffff0000006e/clear[39m
[35m[HTTP][39m [90m{"id":"00000000-0000-002c-ffff-ffff0000006e"}[39m
[35m[HTTP][39m [37m<-- POST /wd/hub/session/471fe751-739c-456c-b113-0974362783eb/element/00000000-0000-002c-ffff-ffff0000006e/clear [39m[32m200[39m [90m7 ms - 14[39m
[35m[HTTP][39m [90m[39m
[35m[HTTP][39m [37m-->[39m [37mPOST[39m [37m/wd/hub/session/471fe751-739c-456c-b113-0974362783eb/element/00000000-0000-002c-ffff-ffff0000006e/value[39m
[35m[HTTP][39m [90m{"id":"00000000-0000-002c-ffff-ffff0000006e","text":"testing@gmail.com","value":["t","e","s","t","i","n","g","@","g","m","a","i","l",".","c","o","m"]}[39m
[35m[HTTP][39m [37m<-- POST /wd/hub/session/471fe751-739c-456c-b113-0974362783eb/element/00000000-0000-002c-ffff-ffff0000006e/value [39m[32m200[39m [90m528 ms - 14[39m
[35m[HTTP][39m [90m[39m
[35m[HTTP][39m [37m-->[39m [37mGET[39m [37m/wd/hub/session/471fe751-739c-456c-b113-0974362783eb/source[39m
[35m[HTTP][39m [90m{}[39m
[35m[W3C (471fe751)][39m Driver proxy active, passing request on via HTTP proxy
[35m[WD Proxy][39m Replacing sessionId 1157fc18-ecb5-4e1e-ae1f-fac2ee99dd3a with 471fe751-739c-456c-b113-0974362783eb
[35m[HTTP][39m [37m<-- GET /wd/hub/session/471fe751-739c-456c-b113-0974362783eb/source [39m[32m200[39m [90m52 ms - 18473[39m
[35m[HTTP][39m [90m[39m
[35m[HTTP][39m [37m-->[39m [37mGET[39m [37m/wd/hub/session/471fe751-739c-456c-b113-0974362783eb/screenshot[39m
[35m[HTTP][39m [90m{}[39m
[35m[HTTP][39m [37m<-- GET /wd/hub/session/471fe751-739c-456c-b113-0974362783eb/screenshot [39m[32m200[39m [90m249 ms - 449350[39m
[35m[HTTP][39m [90m[39m
[35m[HTTP][39m [37m-->[39m [37mPOST[39m [37m/wd/hub/session/471fe751-739c-456c-b113-0974362783eb/elements[39m
[35m[HTTP][39m [90m{"using":"xpath","value":"//*[@class = 'android.widget.EditText' and (@text = 'Sandi' or . = 'Sandi') and @resource-id = 'com.limaindonesia.android:id/et_password']"}[39m
[35m[HTTP][39m [37m<-- POST /wd/hub/session/471fe751-739c-456c-b113-0974362783eb/elements [39m[32m200[39m [90m50 ms - 139[39m
[35m[HTTP][39m [90m[39m
[35m[HTTP][39m [37m-->[39m [37mGET[39m [37m/wd/hub/session/471fe751-739c-456c-b113-0974362783eb/window/rect[39m
[35m[HTTP][39m [90m{}[39m
[35m[HTTP][39m [37m<-- GET /wd/hub/session/471fe751-739c-456c-b113-0974362783eb/window/rect [39m[32m200[39m [90m11 ms - 50[39m
[35m[HTTP][39m [90m[39m
[35m[HTTP][39m [37m-->[39m [37mPOST[39m [37m/wd/hub/session/471fe751-739c-456c-b113-0974362783eb/elements[39m
[35m[HTTP][39m [90m{"using":"xpath","value":"//*[@class = 'android.widget.EditText' and (@text = 'Sandi' or . = 'Sandi') and @resource-id = 'com.limaindonesia.android:id/et_password']"}[39m
[35m[HTTP][39m [37m<-- POST /wd/hub/session/471fe751-739c-456c-b113-0974362783eb/elements [39m[32m200[39m [90m41 ms - 139[39m
[35m[HTTP][39m [90m[39m
[35m[HTTP][39m [37m-->[39m [37mGET[39m [37m/wd/hub/session/471fe751-739c-456c-b113-0974362783eb/element/00000000-0000-002c-ffff-ffff00000069/location[39m
[35m[HTTP][39m [90m{}[39m
[35m[W3C (471fe751)][39m Driver proxy active, passing request on via HTTP proxy
[35m[WD Proxy][39m Replacing sessionId 1157fc18-ecb5-4e1e-ae1f-fac2ee99dd3a with 471fe751-739c-456c-b113-0974362783eb
[35m[HTTP][39m [37m<-- GET /wd/hub/session/471fe751-739c-456c-b113-0974362783eb/element/00000000-0000-002c-ffff-ffff00000069/location [39m[32m200[39m [90m7 ms - 79[39m
[35m[HTTP][39m [90m[39m
[35m[HTTP][39m [37m-->[39m [37mPOST[39m [37m/wd/hub/session/471fe751-739c-456c-b113-0974362783eb/element/00000000-0000-002c-ffff-ffff00000069/clear[39m
[35m[HTTP][39m [90m{"id":"00000000-0000-002c-ffff-ffff00000069"}[39m
[35m[HTTP][39m [37m<-- POST /wd/hub/session/471fe751-739c-456c-b113-0974362783eb/element/00000000-0000-002c-ffff-ffff00000069/clear [39m[32m200[39m [90m9 ms - 14[39m
[35m[HTTP][39m [90m[39m
[35m[HTTP][39m [37m-->[39m [37mPOST[39m [37m/wd/hub/session/471fe751-739c-456c-b113-0974362783eb/element/00000000-0000-002c-ffff-ffff00000069/value[39m
[35m[HTTP][39m [90m{"id":"00000000-0000-002c-ffff-ffff00000069","text":"Testing123!","value":["T","e","s","t","i","n","g","1","2","3","!"]}[39m
[35m[HTTP][39m [37m<-- POST /wd/hub/session/471fe751-739c-456c-b113-0974362783eb/element/00000000-0000-002c-ffff-ffff00000069/value [39m[32m200[39m [90m1031 ms - 14[39m
[35m[HTTP][39m [90m[39m
[35m[HTTP][39m [37m-->[39m [37mGET[39m [37m/wd/hub/session/471fe751-739c-456c-b113-0974362783eb/source[39m
[35m[HTTP][39m [90m{}[39m
[35m[W3C (471fe751)][39m Driver proxy active, passing request on via HTTP proxy
[35m[WD Proxy][39m Replacing sessionId 1157fc18-ecb5-4e1e-ae1f-fac2ee99dd3a with 471fe751-739c-456c-b113-0974362783eb
[35m[HTTP][39m [37m<-- GET /wd/hub/session/471fe751-739c-456c-b113-0974362783eb/source [39m[32m200[39m [90m43 ms - 18478[39m
[35m[HTTP][39m [90m[39m
[35m[HTTP][39m [37m-->[39m [37mGET[39m [37m/wd/hub/session/471fe751-739c-456c-b113-0974362783eb/screenshot[39m
[35m[HTTP][39m [90m{}[39m
[35m[HTTP][39m [37m<-- GET /wd/hub/session/471fe751-739c-456c-b113-0974362783eb/screenshot [39m[32m200[39m [90m240 ms - 449638[39m
[35m[HTTP][39m [90m[39m
[35m[HTTP][39m [37m-->[39m [37mPOST[39m [37m/wd/hub/session/471fe751-739c-456c-b113-0974362783eb/elements[39m
[35m[HTTP][39m [90m{"using":"xpath","value":"//*[@class = 'android.widget.Button' and (@text = 'Buat Akun Baru' or . = 'Buat Akun Baru') and @resource-id = 'com.limaindonesia.android:id/btn_register']"}[39m
[35m[HTTP][39m [37m<-- POST /wd/hub/session/471fe751-739c-456c-b113-0974362783eb/elements [39m[32m200[39m [90m43 ms - 139[39m
[35m[HTTP][39m [90m[39m
[35m[HTTP][39m [37m-->[39m [37mGET[39m [37m/wd/hub/session/471fe751-739c-456c-b113-0974362783eb/window/rect[39m
[35m[HTTP][39m [90m{}[39m
[35m[HTTP][39m [37m<-- GET /wd/hub/session/471fe751-739c-456c-b113-0974362783eb/window/rect [39m[32m200[39m [90m4 ms - 50[39m
[35m[HTTP][39m [90m[39m
[35m[HTTP][39m [37m-->[39m [37mPOST[39m [37m/wd/hub/session/471fe751-739c-456c-b113-0974362783eb/elements[39m
[35m[HTTP][39m [90m{"using":"xpath","value":"//*[@class = 'android.widget.Button' and (@text = 'Buat Akun Baru' or . = 'Buat Akun Baru') and @resource-id = 'com.limaindonesia.android:id/btn_register']"}[39m
[35m[HTTP][39m [37m<-- POST /wd/hub/session/471fe751-739c-456c-b113-0974362783eb/elements [39m[32m200[39m [90m32 ms - 139[39m
[35m[HTTP][39m [90m[39m
[35m[HTTP][39m [37m-->[39m [37mGET[39m [37m/wd/hub/session/471fe751-739c-456c-b113-0974362783eb/element/00000000-0000-002c-ffff-ffff0000005f/location[39m
[35m[HTTP][39m [90m{}[39m
[35m[W3C (471fe751)][39m Driver proxy active, passing request on via HTTP proxy
[35m[WD Proxy][39m Replacing sessionId 1157fc18-ecb5-4e1e-ae1f-fac2ee99dd3a with 471fe751-739c-456c-b113-0974362783eb
[35m[HTTP][39m [37m<-- GET /wd/hub/session/471fe751-739c-456c-b113-0974362783eb/element/00000000-0000-002c-ffff-ffff0000005f/location [39m[32m200[39m [90m6 ms - 79[39m
[35m[HTTP][39m [90m[39m
[35m[HTTP][39m [37m-->[39m [37mPOST[39m [37m/wd/hub/session/471fe751-739c-456c-b113-0974362783eb/element/00000000-0000-002c-ffff-ffff0000005f/click[39m
[35m[HTTP][39m [90m{"id":"00000000-0000-002c-ffff-ffff0000005f"}[39m
[35m[HTTP][39m [37m<-- POST /wd/hub/session/471fe751-739c-456c-b113-0974362783eb/element/00000000-0000-002c-ffff-ffff0000005f/click [39m[32m200[39m [90m37 ms - 14[39m
[35m[HTTP][39m [90m[39m
[35m[HTTP][39m [37m-->[39m [37mGET[39m [37m/wd/hub/session/471fe751-739c-456c-b113-0974362783eb/source[39m
[35m[HTTP][39m [90m{}[39m
[35m[W3C (471fe751)][39m Driver proxy active, passing request on via HTTP proxy
[35m[WD Proxy][39m Replacing sessionId 1157fc18-ecb5-4e1e-ae1f-fac2ee99dd3a with 471fe751-739c-456c-b113-0974362783eb
[35m[HTTP][39m [37m<-- GET /wd/hub/session/471fe751-739c-456c-b113-0974362783eb/source [39m[32m200[39m [90m25 ms - 19830[39m
[35m[HTTP][39m [90m[39m
[35m[HTTP][39m [37m-->[39m [37mGET[39m [37m/wd/hub/session/471fe751-739c-456c-b113-0974362783eb/screenshot[39m
[35m[HTTP][39m [90m{}[39m
[35m[HTTP][39m [37m<-- GET /wd/hub/session/471fe751-739c-456c-b113-0974362783eb/screenshot [39m[32m200[39m [90m194 ms - 285012[39m
[35m[HTTP][39m [90m[39m
[35m[HTTP][39m [37m-->[39m [37mGET[39m [37m/wd/hub/session/471fe751-739c-456c-b113-0974362783eb/source[39m
[35m[HTTP][39m [90m{}[39m
[35m[W3C (471fe751)][39m Driver proxy active, passing request on via HTTP proxy
[35m[WD Proxy][39m Replacing sessionId 1157fc18-ecb5-4e1e-ae1f-fac2ee99dd3a with 471fe751-739c-456c-b113-0974362783eb
[35m[HTTP][39m [37m<-- GET /wd/hub/session/471fe751-739c-456c-b113-0974362783eb/source [39m[32m200[39m [90m21 ms - 5164[39m
[35m[HTTP][39m [90m[39m
[35m[HTTP][39m [37m-->[39m [37mGET[39m [37m/wd/hub/session/471fe751-739c-456c-b113-0974362783eb/screenshot[39m
[35m[HTTP][39m [90m{}[39m
[35m[HTTP][39m [37m<-- GET /wd/hub/session/471fe751-739c-456c-b113-0974362783eb/screenshot [39m[32m200[39m [90m184 ms - 99668[39m
[35m[HTTP][39m [90m[39m
[35m[HTTP][39m [37m-->[39m [37mDELETE[39m [37m/wd/hub/session/471fe751-739c-456c-b113-0974362783eb[39m
[35m[HTTP][39m [90m{}[39m
[35m[Appium][39m Removing session 471fe751-739c-456c-b113-0974362783eb from our master session list
[35m[UiAutomator2][39m Restoring hidden api policy to the device default configuration
[35m[HTTP][39m [37m<-- DELETE /wd/hub/session/471fe751-739c-456c-b113-0974362783eb [39m[32m200[39m [90m168 ms - 14[39m
[35m[HTTP][39m [90m[39m
